<?xml version="1.0" encoding="UTF-8"?>
<testsuite name="app.appmeteo.model.AuthorsTest" tests="1" skipped="0" failures="0" errors="0" timestamp="2021-03-09T14:10:26" hostname="MacBook-Pro-de-Adnane.local" time="0.0">
  <properties/>
  <testcase name="testToString()" classname="app.appmeteo.model.AuthorsTest" time="0.0"/>
  <system-out><![CDATA[]]></system-out>
  <system-err><![CDATA[]]></system-err>
</testsuite>
